Build started 4/5/2019 7:24:26 AM.
     1>Project "E:\Training\TimeReversal\TimeReversal\TimeReversal.vcxproj" on node 2 (build target(s)).
     1>InitializeBuildStatus:
         Creating "Debug\TimeReversal.unsuccessfulbuild" because "AlwaysCreate" was specified.
       ClCompile:
         C:\Program Files (x86)\Microsoft Visual Studio 10.0\VC\bin\CL.exe /c /ZI /nologo /W3 /WX- /Od /Oy- /D WIN32 /D _DEBUG /D _CONSOLE /D _UNICODE /D UNICODE /Gm /EHsc /RTC1 /MDd /GS /fp:precise /Zc:wchar_t /Zc:forScope /Fo"Debug\\" /Fd"Debug\vc100.pdb" /Gd /TP /analyze- /errorReport:prompt main.cpp
         main.cpp
       ManifestResourceCompile:
         All outputs are up-to-date.
       Link:
         C:\Program Files (x86)\Microsoft Visual Studio 10.0\VC\bin\link.exe /ERRORREPORT:PROMPT /OUT:"E:\Training\TimeReversal\Debug\TimeReversal.exe" /INCREMENTAL /NOLOGO kernel32.lib user32.lib gdi32.lib winspool.lib comdlg32.lib advapi32.lib shell32.lib ole32.lib oleaut32.lib uuid.lib odbc32.lib odbccp32.lib /MANIFEST /ManifestFile:"Debug\TimeReversal.exe.intermediate.manifest" /MANIFESTUAC:"level='asInvoker' uiAccess='false'" /DEBUG /PDB:"E:\Training\TimeReversal\Debug\TimeReversal.pdb" /SUBSYSTEM:CONSOLE /TLBID:1 /DYNAMICBASE /NXCOMPAT /IMPLIB:"E:\Training\TimeReversal\Debug\TimeReversal.lib" /MACHINE:X86 Debug\TimeReversal.exe.embed.manifest.res
         Debug\main.obj
       Manifest:
         C:\Program Files (x86)\Microsoft SDKs\Windows\v7.0A\bin\mt.exe /nologo /verbose /out:"Debug\TimeReversal.exe.embed.manifest" /manifest Debug\TimeReversal.exe.intermediate.manifest
         All outputs are up-to-date.
       LinkEmbedManifest:
         All outputs are up-to-date.
         TimeReversal.vcxproj -> E:\Training\TimeReversal\Debug\TimeReversal.exe
       FinalizeBuildStatus:
         Deleting file "Debug\TimeReversal.unsuccessfulbuild".
         Touching "Debug\TimeReversal.lastbuildstate".
     1>Done Building Project "E:\Training\TimeReversal\TimeReversal\TimeReversal.vcxproj" (build target(s)).

Build succeeded.

Time Elapsed 00:00:01.84
